<?xml version="1.0" encoding="UTF-8"?>
<testng-results ignored="0" total="1" passed="1" failed="0" skipped="0">
  <reporter-output>
  </reporter-output>
  <suite started-at="2021-11-15T12:48:26 IST" name="Default suite" finished-at="2021-11-15T12:48:37 IST" duration-ms="11342">
    <groups>
    </groups>
    <test started-at="2021-11-15T12:48:26 IST" name="Default test" finished-at="2021-11-15T12:48:37 IST" duration-ms="11342">
      <class name="testpackage.Ex29_HandleImage">
        <test-method signature="test01()[pri:0, instance:testpackage.Ex29_HandleImage@2cf3d63b]" started-at="2021-11-15T12:48:26 IST" name="test01" finished-at="2021-11-15T12:48:37 IST" duration-ms="11319" status="PASS">
          <reporter-output>
          </reporter-output>
        </test-method> <!-- test01 -->
      </class> <!-- testpackage.Ex29_HandleImage -->
    </test> <!-- Default test -->
  </suite> <!-- Default suite -->
</testng-results>
